/home/idk/Workspace/desktop-Workspace/mtn/i2p.i2p/installer/resources/i2plogo.png
/home/idk/Workspace/desktop-Workspace/mtn/i2p.i2p/installer/resources/eepsite/docroot/help/lib/brown.png
/home/idk/Workspace/desktop-Workspace/mtn/i2p.i2p/installer/resources/eepsite/docroot/help/lib/h2bg.png
/home/idk/Workspace/desktop-Workspace/mtn/i2p.i2p/installer/resources/eepsite/docroot/help/lib/resources/flash.png
/home/idk/Workspace/desktop-Workspace/mtn/i2p.i2p/installer/resources/eepsite/docroot/help/lib/resources/folder_open.png
/home/idk/Workspace/desktop-Workspace/mtn/i2p.i2p/installer/resources/eepsite/docroot/help/lib/resources/video.png
/home/idk/Workspace/desktop-Workspace/mtn/i2p.i2p/installer/resources/eepsite/docroot/help/lib/resources/folder_32x32.png
/home/idk/Workspace/desktop-Workspace/mtn/i2p.i2p/installer/resources/eepsite/docroot/help/lib/resources/folder.png
/home/idk/Workspace/desktop-Workspace/mtn/i2p.i2p/installer/resources/eepsite/docroot/help/lib/resources/zip.png
/home/idk/Workspace/desktop-Workspace/mtn/i2p.i2p/installer/resources/eepsite/docroot/help/lib/resources/image.png
/home/idk/Workspace/desktop-Workspace/mtn/i2p.i2p/installer/resources/eepsite/docroot/help/lib/resources/file.png
/home/idk/Workspace/desktop-Workspace/mtn/i2p.i2p/installer/resources/eepsite/docroot/help/lib/resources/word.png
/home/idk/Workspace/desktop-Workspace/mtn/i2p.i2p/installer/resources/eepsite/docroot/help/lib/resources/audio.png
/home/idk/Workspace/desktop-Workspace/mtn/i2p.i2p/installer/resources/eepsite/docroot/help/lib/resources/text.png
/home/idk/Workspace/desktop-Workspace/mtn/i2p.i2p/installer/resources/eepsite/docroot/help/lib/resources/iso.png
/home/idk/Workspace/desktop-Workspace/mtn/i2p.i2p/installer/resources/eepsite/docroot/help/lib/resources/pdf.png
/home/idk/Workspace/desktop-Workspace/mtn/i2p.i2p/installer/resources/eepsite/docroot/help/lib/resources/playlist.png
/home/idk/Workspace/desktop-Workspace/mtn/i2p.i2p/installer/resources/eepsite/docroot/help/lib/itoopie.png
/home/idk/Workspace/desktop-Workspace/mtn/i2p.i2p/installer/resources/eepsite/docroot/help/lib/pagebg.png
/home/idk/Workspace/desktop-Workspace/mtn/i2p.i2p/installer/resources/themes/snark/ubergine/images/comment.png
/home/idk/Workspace/desktop-Workspace/mtn/i2p.i2p/installer/resources/themes/snark/ubergine/images/accept.png
/home/idk/Workspace/desktop-Workspace/mtn/i2p.i2p/installer/resources/themes/snark/ubergine/images/snark_create.png
/home/idk/Workspace/desktop-Workspace/mtn/i2p.i2p/installer/resources/themes/snark/ubergine/images/snarknav_lowlight.png
/home/idk/Workspace/desktop-Workspace/mtn/i2p.i2p/installer/resources/themes/snark/ubergine/images/priority.png
/home/idk/Workspace/desktop-Workspace/mtn/i2p.i2p/installer/resources/themes/snark/ubergine/images/button_snark_active.png
/home/idk/Workspace/desktop-Workspace/mtn/i2p.i2p/installer/resources/themes/snark/ubergine/images/complete.png
/home/idk/Workspace/desktop-Workspace/mtn/i2p.i2p/installer/resources/themes/snark/ubergine/images/hidepeers.png
/home/idk/Workspace/desktop-Workspace/mtn/i2p.i2p/installer/resources/themes/snark/ubergine/images/cross.png
/home/idk/Workspace/desktop-Workspace/mtn/i2p.i2p/installer/resources/themes/snark/ubergine/images/first.png
/home/idk/Workspace/desktop-Workspace/mtn/i2p.i2p/installer/resources/themes/snark/ubergine/images/downloading.png
/home/idk/Workspace/desktop-Workspace/mtn/i2p.i2p/installer/resources/themes/snark/ubergine/images/previous.png
/home/idk/Workspace/desktop-Workspace/mtn/i2p.i2p/installer/resources/themes/snark/ubergine/images/stop_all.png
/home/idk/Workspace/desktop-Workspace/mtn/i2p.i2p/installer/resources/themes/snark/ubergine/images/cancel.png
/home/idk/Workspace/desktop-Workspace/mtn/i2p.i2p/installer/resources/themes/snark/ubergine/images/restore.png
/home/idk/Workspace/desktop-Workspace/mtn/i2p.i2p/installer/resources/themes/snark/ubergine/images/snarknav.png
/home/idk/Workspace/desktop-Workspace/mtn/i2p.i2p/installer/resources/themes/snark/ubergine/images/remove.png
/home/idk/Workspace/desktop-Workspace/mtn/i2p.i2p/installer/resources/themes/snark/ubergine/images/recheck.png
/home/idk/Workspace/desktop-Workspace/mtn/i2p.i2p/installer/resources/themes/snark/ubergine/images/config.png
/home/idk/Workspace/desktop-Workspace/mtn/i2p.i2p/installer/resources/themes/snark/ubergine/images/nuke.png
/home/idk/Workspace/desktop-Workspace/mtn/i2p.i2p/installer/resources/themes/snark/ubergine/images/button_tracker.png
/home/idk/Workspace/desktop-Workspace/mtn/i2p.i2p/installer/resources/themes/snark/ubergine/images/head_rx.png
/home/idk/Workspace/desktop-Workspace/mtn/i2p.i2p/installer/resources/themes/snark/ubergine/images/trackererror.png
/home/idk/Workspace/desktop-Workspace/mtn/i2p.i2p/installer/resources/themes/snark/ubergine/images/stalled.png
/home/idk/Workspace/desktop-Workspace/mtn/i2p.i2p/installer/resources/themes/snark/ubergine/images/clock.png
/home/idk/Workspace/desktop-Workspace/mtn/i2p.i2p/installer/resources/themes/snark/ubergine/images/graytile.png
/home/idk/Workspace/desktop-Workspace/mtn/i2p.i2p/installer/resources/themes/snark/ubergine/images/up.png
/home/idk/Workspace/desktop-Workspace/mtn/i2p.i2p/installer/resources/themes/snark/ubergine/images/details.png
/home/idk/Workspace/desktop-Workspace/mtn/i2p.i2p/installer/resources/themes/snark/ubergine/images/button_snark.png
/home/idk/Workspace/desktop-Workspace/mtn/i2p.i2p/installer/resources/themes/snark/ubergine/images/bullet.png
/home/idk/Workspace/desktop-Workspace/mtn/i2p.i2p/installer/resources/themes/snark/ubergine/images/button_forum_active.png
/home/idk/Workspace/desktop-Workspace/mtn/i2p.i2p/installer/resources/themes/snark/ubergine/images/head_rxspeed.png
/home/idk/Workspace/desktop-Workspace/mtn/i2p.i2p/installer/resources/themes/snark/ubergine/images/rateme.png
/home/idk/Workspace/desktop-Workspace/mtn/i2p.i2p/installer/resources/themes/snark/ubergine/images/button_tracker_active.png
/home/idk/Workspace/desktop-Workspace/mtn/i2p.i2p/installer/resources/themes/snark/ubergine/images/status.png
/home/idk/Workspace/desktop-Workspace/mtn/i2p.i2p/installer/resources/themes/snark/ubergine/images/debug.png
/home/idk/Workspace/desktop-Workspace/mtn/i2p.i2p/installer/resources/themes/snark/ubergine/images/head_tx.png
/home/idk/Workspace/desktop-Workspace/mtn/i2p.i2p/installer/resources/themes/snark/ubergine/images/dropdown_hover.png
/home/idk/Workspace/desktop-Workspace/mtn/i2p.i2p/installer/resources/themes/snark/ubergine/images/start.png
/home/idk/Workspace/desktop-Workspace/mtn/i2p.i2p/installer/resources/themes/snark/ubergine/images/btn_stop.png
/home/idk/Workspace/desktop-Workspace/mtn/i2p.i2p/installer/resources/themes/snark/ubergine/images/file.png
/home/idk/Workspace/desktop-Workspace/mtn/i2p.i2p/installer/resources/themes/snark/ubergine/images/infocircle.png
/home/idk/Workspace/desktop-Workspace/mtn/i2p.i2p/installer/resources/themes/snark/ubergine/images/seeding.png
/home/idk/Workspace/desktop-Workspace/mtn/i2p.i2p/installer/resources/themes/snark/ubergine/images/author.png
/home/idk/Workspace/desktop-Workspace/mtn/i2p.i2p/installer/resources/themes/snark/ubergine/images/tile2.png
/home/idk/Workspace/desktop-Workspace/mtn/i2p.i2p/installer/resources/themes/snark/ubergine/images/size.png
/home/idk/Workspace/desktop-Workspace/mtn/i2p.i2p/installer/resources/themes/snark/ubergine/images/button_snark_hover.png
/home/idk/Workspace/desktop-Workspace/mtn/i2p.i2p/installer/resources/themes/snark/ubergine/images/dropdown.png
/home/idk/Workspace/desktop-Workspace/mtn/i2p.i2p/installer/resources/themes/snark/ubergine/images/torrent.png
/home/idk/Workspace/desktop-Workspace/mtn/i2p.i2p/installer/resources/themes/snark/ubergine/images/snark_add.png
/home/idk/Workspace/desktop-Workspace/mtn/i2p.i2p/installer/resources/themes/snark/ubergine/images/button_forum.png
/home/idk/Workspace/desktop-Workspace/mtn/i2p.i2p/installer/resources/themes/snark/ubergine/images/configuration.png
/home/idk/Workspace/desktop-Workspace/mtn/i2p.i2p/installer/resources/themes/snark/ubergine/images/stop.png
/home/idk/Workspace/desktop-Workspace/mtn/i2p.i2p/installer/resources/themes/snark/ubergine/images/next.png
/home/idk/Workspace/desktop-Workspace/mtn/i2p.i2p/installer/resources/themes/snark/ubergine/images/add.png
/home/idk/Workspace/desktop-Workspace/mtn/i2p.i2p/installer/resources/themes/snark/ubergine/images/showpeers.png
/home/idk/Workspace/desktop-Workspace/mtn/i2p.i2p/installer/resources/themes/snark/ubergine/images/button_tracker_hover.png
/home/idk/Workspace/desktop-Workspace/mtn/i2p.i2p/installer/resources/themes/snark/ubergine/images/start_all.png
/home/idk/Workspace/desktop-Workspace/mtn/i2p.i2p/installer/resources/themes/snark/ubergine/images/create.png
/home/idk/Workspace/desktop-Workspace/mtn/i2p.i2p/installer/resources/themes/snark/ubergine/images/peer.png
/home/idk/Workspace/desktop-Workspace/mtn/i2p.i2p/installer/resources/themes/snark/ubergine/images/snarknav_on.png
/home/idk/Workspace/desktop-Workspace/mtn/i2p.i2p/installer/resources/themes/snark/ubergine/images/stopped.png
/home/idk/Workspace/desktop-Workspace/mtn/i2p.i2p/installer/resources/themes/snark/ubergine/images/last.png
/home/idk/Workspace/desktop-Workspace/mtn/i2p.i2p/installer/resources/themes/snark/ubergine/images/head_txspeed.png
/home/idk/Workspace/desktop-Workspace/mtn/i2p.i2p/installer/resources/themes/snark/ubergine/images/nopeers.png
/home/idk/Workspace/desktop-Workspace/mtn/i2p.i2p/installer/resources/themes/snark/ubergine/images/button_forum_hover.png
/home/idk/Workspace/desktop-Workspace/mtn/i2p.i2p/installer/resources/themes/snark/ubergine/images/delete.png
/home/idk/Workspace/desktop-Workspace/mtn/i2p.i2p/installer/resources/themes/snark/ubergine/images/eta.png
/home/idk/Workspace/desktop-Workspace/mtn/i2p.i2p/installer/resources/themes/snark/light/images/last_hover.png
/home/idk/Workspace/desktop-Workspace/mtn/i2p.i2p/installer/resources/themes/snark/light/images/delete_hover.png
/home/idk/Workspace/desktop-Workspace/mtn/i2p.i2p/installer/resources/themes/snark/light/images/comment.png
/home/idk/Workspace/desktop-Workspace/mtn/i2p.i2p/installer/resources/themes/snark/light/images/snark_create.png
/home/idk/Workspace/desktop-Workspace/mtn/i2p.i2p/installer/resources/themes/snark/light/images/priority.png
/home/idk/Workspace/desktop-Workspace/mtn/i2p.i2p/installer/resources/themes/snark/light/images/button_snark_active.png
/home/idk/Workspace/desktop-Workspace/mtn/i2p.i2p/installer/resources/themes/snark/light/images/complete.png
/home/idk/Workspace/desktop-Workspace/mtn/i2p.i2p/installer/resources/themes/snark/light/images/next_hover.png
/home/idk/Workspace/desktop-Workspace/mtn/i2p.i2p/installer/resources/themes/snark/light/images/hidepeers.png
/home/idk/Workspace/desktop-Workspace/mtn/i2p.i2p/installer/resources/themes/snark/light/images/first.png
/home/idk/Workspace/desktop-Workspace/mtn/i2p.i2p/installer/resources/themes/snark/light/images/downloading.png
/home/idk/Workspace/desktop-Workspace/mtn/i2p.i2p/installer/resources/themes/snark/light/images/previous.png
/home/idk/Workspace/desktop-Workspace/mtn/i2p.i2p/installer/resources/themes/snark/light/images/stop_all.png
/home/idk/Workspace/desktop-Workspace/mtn/i2p.i2p/installer/resources/themes/snark/light/images/remove.png
/home/idk/Workspace/desktop-Workspace/mtn/i2p.i2p/installer/resources/themes/snark/light/images/config.png
/home/idk/Workspace/desktop-Workspace/mtn/i2p.i2p/installer/resources/themes/snark/light/images/button_tracker.png
/home/idk/Workspace/desktop-Workspace/mtn/i2p.i2p/installer/resources/themes/snark/light/images/head_rx.png
/home/idk/Workspace/desktop-Workspace/mtn/i2p.i2p/installer/resources/themes/snark/light/images/trackererror.png
/home/idk/Workspace/desktop-Workspace/mtn/i2p.i2p/installer/resources/themes/snark/light/images/remove_hover.png
/home/idk/Workspace/desktop-Workspace/mtn/i2p.i2p/installer/resources/themes/snark/light/images/stalled.png
/home/idk/Workspace/desktop-Workspace/mtn/i2p.i2p/installer/resources/themes/snark/light/images/clock.png
/home/idk/Workspace/desktop-Workspace/mtn/i2p.i2p/installer/resources/themes/snark/light/images/up.png
/home/idk/Workspace/desktop-Workspace/mtn/i2p.i2p/installer/resources/themes/snark/light/images/details.png
/home/idk/Workspace/desktop-Workspace/mtn/i2p.i2p/installer/resources/themes/snark/light/images/button_snark.png
/home/idk/Workspace/desktop-Workspace/mtn/i2p.i2p/installer/resources/themes/snark/light/images/bullet.png
/home/idk/Workspace/desktop-Workspace/mtn/i2p.i2p/installer/resources/themes/snark/light/images/button_forum_active.png
/home/idk/Workspace/desktop-Workspace/mtn/i2p.i2p/installer/resources/themes/snark/light/images/head_rxspeed.png
/home/idk/Workspace/desktop-Workspace/mtn/i2p.i2p/installer/resources/themes/snark/light/images/rateme.png
/home/idk/Workspace/desktop-Workspace/mtn/i2p.i2p/installer/resources/themes/snark/light/images/previous_hover.png
/home/idk/Workspace/desktop-Workspace/mtn/i2p.i2p/installer/resources/themes/snark/light/images/button_tracker_active.png
/home/idk/Workspace/desktop-Workspace/mtn/i2p.i2p/installer/resources/themes/snark/light/images/status.png
/home/idk/Workspace/desktop-Workspace/mtn/i2p.i2p/installer/resources/themes/snark/light/images/debug.png
/home/idk/Workspace/desktop-Workspace/mtn/i2p.i2p/installer/resources/themes/snark/light/images/head_tx.png
/home/idk/Workspace/desktop-Workspace/mtn/i2p.i2p/installer/resources/themes/snark/light/images/start.png
/home/idk/Workspace/desktop-Workspace/mtn/i2p.i2p/installer/resources/themes/snark/light/images/file.png
/home/idk/Workspace/desktop-Workspace/mtn/i2p.i2p/installer/resources/themes/snark/light/images/infocircle.png
/home/idk/Workspace/desktop-Workspace/mtn/i2p.i2p/installer/resources/themes/snark/light/images/seeding.png
/home/idk/Workspace/desktop-Workspace/mtn/i2p.i2p/installer/resources/themes/snark/light/images/start_hover.png
/home/idk/Workspace/desktop-Workspace/mtn/i2p.i2p/installer/resources/themes/snark/light/images/author.png
/home/idk/Workspace/desktop-Workspace/mtn/i2p.i2p/installer/resources/themes/snark/light/images/size.png
/home/idk/Workspace/desktop-Workspace/mtn/i2p.i2p/installer/resources/themes/snark/light/images/button_snark_hover.png
/home/idk/Workspace/desktop-Workspace/mtn/i2p.i2p/installer/resources/themes/snark/light/images/dropdown.png
/home/idk/Workspace/desktop-Workspace/mtn/i2p.i2p/installer/resources/themes/snark/light/images/torrent.png
/home/idk/Workspace/desktop-Workspace/mtn/i2p.i2p/installer/resources/themes/snark/light/images/snark_add.png
/home/idk/Workspace/desktop-Workspace/mtn/i2p.i2p/installer/resources/themes/snark/light/images/button_forum.png
/home/idk/Workspace/desktop-Workspace/mtn/i2p.i2p/installer/resources/themes/snark/light/images/first_hover.png
/home/idk/Workspace/desktop-Workspace/mtn/i2p.i2p/installer/resources/themes/snark/light/images/configuration.png
/home/idk/Workspace/desktop-Workspace/mtn/i2p.i2p/installer/resources/themes/snark/light/images/stop.png
/home/idk/Workspace/desktop-Workspace/mtn/i2p.i2p/installer/resources/themes/snark/light/images/next.png
/home/idk/Workspace/desktop-Workspace/mtn/i2p.i2p/installer/resources/themes/snark/light/images/add.png
/home/idk/Workspace/desktop-Workspace/mtn/i2p.i2p/installer/resources/themes/snark/light/images/showpeers.png
