/home/idk/Workspace/desktop-Workspace/mtn/i2p.i2p/installer/resources/i2plogo.png
/home/idk/Workspace/desktop-Workspace/mtn/i2p.i2p/installer/resources/eepsite/docroot/help/lib/brown.png
/home/idk/Workspace/desktop-Workspace/mtn/i2p.i2p/installer/resources/eepsite/docroot/help/lib/h2bg.png
/home/idk/Workspace/desktop-Workspace/mtn/i2p.i2p/installer/resources/eepsite/docroot/help/lib/resources/flash.png
/home/idk/Workspace/desktop-Workspace/mtn/i2p.i2p/installer/resources/eepsite/docroot/help/lib/resources/folder_open.png
/home/idk/Workspace/desktop-Workspace/mtn/i2p.i2p/installer/resources/eepsite/docroot/help/lib/resources/video.png
/home/idk/Workspace/desktop-Workspace/mtn/i2p.i2p/installer/resources/eepsite/docroot/help/lib/resources/folder_32x32.png
/home/idk/Workspace/desktop-Workspace/mtn/i2p.i2p/installer/resources/eepsite/docroot/help/lib/resources/folder.png
/home/idk/Workspace/desktop-Workspace/mtn/i2p.i2p/installer/resources/eepsite/docroot/help/lib/resources/zip.png
/home/idk/Workspace/desktop-Workspace/mtn/i2p.i2p/installer/resources/eepsite/docroot/help/lib/resources/image.png
/home/idk/Workspace/desktop-Workspace/mtn/i2p.i2p/installer/resources/eepsite/docroot/help/lib/resources/file.png
/home/idk/Workspace/desktop-Workspace/mtn/i2p.i2p/installer/resources/eepsite/docroot/help/lib/resources/word.png
/home/idk/Workspace/desktop-Workspace/mtn/i2p.i2p/installer/resources/eepsite/docroot/help/lib/resources/audio.png
/home/idk/Workspace/desktop-Workspace/mtn/i2p.i2p/installer/resources/eepsite/docroot/help/lib/resources/text.png
/home/idk/Workspace/desktop-Workspace/mtn/i2p.i2p/installer/resources/eepsite/docroot/help/lib/resources/iso.png
/home/idk/Workspace/desktop-Workspace/mtn/i2p.i2p/installer/resources/eepsite/docroot/help/lib/resources/pdf.png
/home/idk/Workspace/desktop-Workspace/mtn/i2p.i2p/installer/resources/eepsite/docroot/help/lib/resources/playlist.png
/home/idk/Workspace/desktop-Workspace/mtn/i2p.i2p/installer/resources/eepsite/docroot/help/lib/itoopie.png
/home/idk/Workspace/desktop-Workspace/mtn/i2p.i2p/installer/resources/eepsite/docroot/help/lib/pagebg.png
/home/idk/Workspace/desktop-Workspace/mtn/i2p.i2p/installer/resources/themes/snark/ubergine/images/comment.png
/home/idk/Workspace/desktop-Workspace/mtn/i2p.i2p/installer/resources/themes/snark/ubergine/images/accept.png
/home/idk/Workspace/desktop-Workspace/mtn/i2p.i2p/installer/resources/themes/snark/ubergine/images/snark_create.png
/home/idk/Workspace/desktop-Workspace/mtn/i2p.i2p/installer/resources/themes/snark/ubergine/images/priority.png
/home/idk/Workspace/desktop-Workspace/mtn/i2p.i2p/installer/resources/themes/snark/ubergine/images/button_snark_active.png
/home/idk/Workspace/desktop-Workspace/mtn/i2p.i2p/installer/resources/themes/snark/ubergine/images/first.png
/home/idk/Workspace/desktop-Workspace/mtn/i2p.i2p/installer/resources/themes/snark/ubergine/images/previous.png
/home/idk/Workspace/desktop-Workspace/mtn/i2p.i2p/installer/resources/themes/snark/ubergine/images/stop_all.png
/home/idk/Workspace/desktop-Workspace/mtn/i2p.i2p/installer/resources/themes/snark/ubergine/images/cancel.png
/home/idk/Workspace/desktop-Workspace/mtn/i2p.i2p/installer/resources/themes/snark/ubergine/images/restore.png
/home/idk/Workspace/desktop-Workspace/mtn/i2p.i2p/installer/resources/themes/snark/ubergine/images/snarknav.png
/home/idk/Workspace/desktop-Workspace/mtn/i2p.i2p/installer/resources/themes/snark/ubergine/images/remove.png
/home/idk/Workspace/desktop-Workspace/mtn/i2p.i2p/installer/resources/themes/snark/ubergine/images/recheck.png
/home/idk/Workspace/desktop-Workspace/mtn/i2p.i2p/installer/resources/themes/snark/ubergine/images/nuke.png
/home/idk/Workspace/desktop-Workspace/mtn/i2p.i2p/installer/resources/themes/snark/ubergine/images/button_tracker.png
/home/idk/Workspace/desktop-Workspace/mtn/i2p.i2p/installer/resources/themes/snark/ubergine/images/trackererror.png
/home/idk/Workspace/desktop-Workspace/mtn/i2p.i2p/installer/resources/themes/snark/ubergine/images/clock.png
/home/idk/Workspace/desktop-Workspace/mtn/i2p.i2p/installer/resources/themes/snark/ubergine/images/graytile.png
/home/idk/Workspace/desktop-Workspace/mtn/i2p.i2p/installer/resources/themes/snark/ubergine/images/up.png
/home/idk/Workspace/desktop-Workspace/mtn/i2p.i2p/installer/resources/themes/snark/ubergine/images/details.png
/home/idk/Workspace/desktop-Workspace/mtn/i2p.i2p/installer/resources/themes/snark/ubergine/images/button_snark.png
/home/idk/Workspace/desktop-Workspace/mtn/i2p.i2p/installer/resources/themes/snark/ubergine/images/bullet.png
/home/idk/Workspace/desktop-Workspace/mtn/i2p.i2p/installer/resources/themes/snark/ubergine/images/button_forum_active.png
/home/idk/Workspace/desktop-Workspace/mtn/i2p.i2p/installer/resources/themes/snark/ubergine/images/button_tracker_active.png
/home/idk/Workspace/desktop-Workspace/mtn/i2p.i2p/installer/resources/themes/snark/ubergine/images/status.png
/home/idk/Workspace/desktop-Workspace/mtn/i2p.i2p/installer/resources/themes/snark/ubergine/images/debug.png
/home/idk/Workspace/desktop-Workspace/mtn/i2p.i2p/installer/resources/themes/snark/ubergine/images/dropdown_hover.png
/home/idk/Workspace/desktop-Workspace/mtn/i2p.i2p/installer/resources/themes/snark/ubergine/images/start.png
/home/idk/Workspace/desktop-Workspace/mtn/i2p.i2p/installer/resources/themes/snark/ubergine/images/btn_stop.png
/home/idk/Workspace/desktop-Workspace/mtn/i2p.i2p/installer/resources/themes/snark/ubergine/images/file.png
/home/idk/Workspace/desktop-Workspace/mtn/i2p.i2p/installer/resources/themes/snark/ubergine/images/infocircle.png
/home/idk/Workspace/desktop-Workspace/mtn/i2p.i2p/installer/resources/themes/snark/ubergine/images/author.png
/home/idk/Workspace/desktop-Workspace/mtn/i2p.i2p/installer/resources/themes/snark/ubergine/images/tile2.png
/home/idk/Workspace/desktop-Workspace/mtn/i2p.i2p/installer/resources/themes/snark/ubergine/images/button_snark_hover.png
/home/idk/Workspace/desktop-Workspace/mtn/i2p.i2p/installer/resources/themes/snark/ubergine/images/dropdown.png
/home/idk/Workspace/desktop-Workspace/mtn/i2p.i2p/installer/resources/themes/snark/ubergine/images/torrent.png
/home/idk/Workspace/desktop-Workspace/mtn/i2p.i2p/installer/resources/themes/snark/ubergine/images/snark_add.png
/home/idk/Workspace/desktop-Workspace/mtn/i2p.i2p/installer/resources/themes/snark/ubergine/images/button_forum.png
/home/idk/Workspace/desktop-Workspace/mtn/i2p.i2p/installer/resources/themes/snark/ubergine/images/configuration.png
/home/idk/Workspace/desktop-Workspace/mtn/i2p.i2p/installer/resources/themes/snark/ubergine/images/stop.png
/home/idk/Workspace/desktop-Workspace/mtn/i2p.i2p/installer/resources/themes/snark/ubergine/images/next.png
/home/idk/Workspace/desktop-Workspace/mtn/i2p.i2p/installer/resources/themes/snark/ubergine/images/add.png
/home/idk/Workspace/desktop-Workspace/mtn/i2p.i2p/installer/resources/themes/snark/ubergine/images/button_tracker_hover.png
/home/idk/Workspace/desktop-Workspace/mtn/i2p.i2p/installer/resources/themes/snark/ubergine/images/start_all.png
/home/idk/Workspace/desktop-Workspace/mtn/i2p.i2p/installer/resources/themes/snark/ubergine/images/create.png
/home/idk/Workspace/desktop-Workspace/mtn/i2p.i2p/installer/resources/themes/snark/ubergine/images/peer.png
/home/idk/Workspace/desktop-Workspace/mtn/i2p.i2p/installer/resources/themes/snark/ubergine/images/snarknav_on.png
/home/idk/Workspace/desktop-Workspace/mtn/i2p.i2p/installer/resources/themes/snark/ubergine/images/stopped.png
/home/idk/Workspace/desktop-Workspace/mtn/i2p.i2p/installer/resources/themes/snark/ubergine/images/last.png
